<?xml version="1.0" encoding="UTF-8"?>
<testng-results ignored="0" total="1" passed="1" failed="0" skipped="0">
  <reporter-output>
  </reporter-output>
  <suite started-at="2021-02-14T14:54:29 IST" name="Suite" finished-at="2021-02-14T14:54:52 IST" duration-ms="23660">
    <groups>
    </groups>
    <test started-at="2021-02-14T14:54:29 IST" name="Test" finished-at="2021-02-14T14:54:52 IST" duration-ms="23660">
      <class name="com.testcases.login">
        <test-method is-config="true" signature="setupSuite()[pri:0, instance:com.testcases.login@3967e60c]" started-at="2021-02-14T14:54:28 IST" name="setupSuite" finished-at="2021-02-14T14:54:29 IST" duration-ms="596" status="PASS">
          <reporter-output>
          </reporter-output>
        </test-method> <!-- setupSuite -->
        <test-method is-config="true" signature="startup()[pri:0, instance:com.testcases.login@3967e60c]" started-at="2021-02-14T14:54:29 IST" name="startup" finished-at="2021-02-14T14:54:47 IST" duration-ms="18714" status="PASS">
          <reporter-output>
          </reporter-output>
        </test-method> <!-- startup -->
        <test-method signature="loginapp()[pri:0, instance:com.testcases.login@3967e60c]" started-at="2021-02-14T14:54:47 IST" name="loginapp" finished-at="2021-02-14T14:54:51 IST" duration-ms="4198" status="PASS">
          <reporter-output>
          </reporter-output>
        </test-method> <!-- loginapp -->
        <test-method is-config="true" signature="teardownmethod(org.testng.ITestResult)[pri:0, instance:com.testcases.login@3967e60c]" started-at="2021-02-14T14:54:51 IST" name="teardownmethod" finished-at="2021-02-14T14:54:51 IST" duration-ms="2" status="PASS">
          <params>
            <param index="0">
              <value>
                <![CDATA[[TestResult name=loginapp status=SUCCESS method=login.loginapp()[pri:0, instance:com.testcases.login@3967e60c] output={null}]]]>
              </value>
            </param>
          </params>
          <reporter-output>
          </reporter-output>
        </test-method> <!-- teardownmethod -->
        <test-method is-config="true" signature="teardown()[pri:0, instance:com.testcases.login@3967e60c]" started-at="2021-02-14T14:54:51 IST" name="teardown" finished-at="2021-02-14T14:54:52 IST" duration-ms="721" status="PASS">
          <reporter-output>
          </reporter-output>
        </test-method> <!-- teardown -->
      </class> <!-- com.testcases.login -->
    </test> <!-- Test -->
  </suite> <!-- Suite -->
</testng-results>
